c:\github\i_used_jonny\ihproject\game\debug\vc120.pdb
c:\github\i_used_jonny\ihproject\game\debug\vc120.idb
c:\github\i_used_jonny\ihproject\game\debug\game.obj
c:\github\i_used_jonny\ihproject\game\debug\gamecamera.obj
c:\github\i_used_jonny\ihproject\game\debug\ground.obj
c:\github\i_used_jonny\ihproject\game\debug\animation.obj
c:\github\i_used_jonny\ihproject\game\debug\camera.obj
c:\github\i_used_jonny\ihproject\game\debug\effectmanager.obj
c:\github\i_used_jonny\ihproject\game\debug\main.obj
c:\github\i_used_jonny\ihproject\game\debug\skinmodel.obj
c:\github\i_used_jonny\ihproject\game\debug\skinmodeldata.obj
c:\github\i_used_jonny\ihproject\game\debug\system.obj
c:\github\i_used_jonny\ihproject\game\debug\map.obj
c:\github\i_used_jonny\ihproject\game\debug\mapchip.obj
c:\github\i_used_jonny\ihproject\game\debug\pad.obj
c:\github\i_used_jonny\ihproject\game\debug\player.obj
c:\github\i_used_jonny\ihproject\game\debug\stdafx.obj
c:\github\i_used_jonny\ihproject\game\debug\skybox.obj
c:\github\i_used_jonny\ihproject\game\debug\meshcollider.obj
c:\github\i_used_jonny\ihproject\game\debug\rigidbody.obj
c:\github\i_used_jonny\ihproject\game\debug\physics.obj
c:\github\i_used_jonny\ihproject\debug\game.ilk
c:\github\i_used_jonny\ihproject\debug\game.exe
c:\github\i_used_jonny\ihproject\debug\game.pdb
c:\github\i_used_jonny\ihproject\game\debug\game.tlog\cl.command.1.tlog
c:\github\i_used_jonny\ihproject\game\debug\game.tlog\cl.read.1.tlog
c:\github\i_used_jonny\ihproject\game\debug\game.tlog\cl.write.1.tlog
c:\github\i_used_jonny\ihproject\game\debug\game.tlog\link.command.1.tlog
c:\github\i_used_jonny\ihproject\game\debug\game.tlog\link.read.1.tlog
c:\github\i_used_jonny\ihproject\game\debug\game.tlog\link.write.1.tlog
