2016/11/10 15:25:40 にビルドを開始しました。
     1>ノード 2 上のプロジェクト "C:\Github\I_used_Jonny\IHproject\game\game.vcxproj" (Build ターゲット)。
     1>ClCompile:
         C:\Program Files (x86)\Microsoft Visual Studio 12.0\VC\bin\CL.exe /c /Zi /nologo /W3 /WX- /sdl /O2 /Oi /Oy- /GL /D WIN32 /D NDEBUG /D _WINDOWS /D _MBCS /D _CRT_SECURE_NO_WARNINGS /Gm- /EHsc /MT /GS /Gy /fp:precise /Zc:wchar_t /Zc:forScope /Yu"stdafx.h" /Fp"Release\game.pch" /Fo"Release\\" /Fd"Release\vc120.pdb" /Gd /TP /analyze- /errorReport:prompt player.cpp
         player.cpp
       Link:
         C:\Program Files (x86)\Microsoft Visual Studio 12.0\VC\bin\link.exe /ERRORREPORT:PROMPT /OUT:"C:\Github\I_used_Jonny\IHproject\Release\game.exe" /INCREMENTAL:NO /NOLOGO kernel32.lib user32.lib gdi32.lib winspool.lib comdlg32.lib XInput.lib BulletCollision.lib BulletDynamics.lib BulletSoftBody.lib LinearMath.lib advapi32.lib shell32.lib ole32.lib oleaut32.lib uuid.lib odbc32.lib odbccp32.lib d3d9.lib d3dx9.lib kernel32.lib user32.lib gdi32.lib winspool.lib comdlg32.lib advapi32.lib shell32.lib ole32.lib oleaut32.lib uuid.lib odbc32.lib odbccp32.lib /MANIFEST /MANIFESTUAC:"level='asInvoker' uiAccess='false'" /manifest:embed /DEBUG /PDB:"C:\Github\I_used_Jonny\IHproject\Release\game.pdb" /SUBSYSTEM:WINDOWS /OPT:REF /OPT:ICF /LTCG /TLBID:1 /DYNAMICBASE /NXCOMPAT /IMPLIB:"C:\Github\I_used_Jonny\IHproject\Release\game.lib" /MACHINE:X86 /SAFESEH Release\CapsuleCollider.obj
         Release\CharacterController.obj
         Release\game.obj
         Release\gamecamera.obj
         Release\ground.obj
         Release\Animation.obj
         Release\Camera.obj
         Release\EffectManager.obj
         Release\Main.obj
         Release\SkinModel.obj
         Release\SkinModelData.obj
         Release\System.obj
         Release\Map.obj
         Release\MapChip.obj
         Release\MeshCollider.obj
         Release\Pad.obj
         Release\Physics.obj
         Release\player.obj
         Release\rigidBody.obj
         Release\ShadowMap.obj
         Release\SkyBox.obj
         Release\stdafx.obj
         コード生成しています。
         コード生成が終了しました。
         game.vcxproj -> C:\Github\I_used_Jonny\IHproject\Release\game.exe
     1>プロジェクト "C:\Github\I_used_Jonny\IHproject\game\game.vcxproj" (Build ターゲット) のビルドが完了しました。

ビルドに成功しました。

経過時間 00:00:04.95
